{"total": {"lines":{"total":53,"covered":53,"skipped":0,"pct":100},"statements":{"total":53,"covered":53,"skipped":0,"pct":100},"functions":{"total":3,"covered":3,"skipped":0,"pct":100},"branches":{"total":30,"covered":30,"skipped":0,"pct":100},"branchesTrue":{"total":0,"covered":0,"skipped":0,"pct":"Unknown"}}
,"C:\\Users\\Dorad\\git\\gematry\\src\\gematry.ts": {"lines":{"total":53,"covered":53,"skipped":0,"pct":100},"functions":{"total":3,"covered":3,"skipped":0,"pct":100},"statements":{"total":53,"covered":53,"skipped":0,"pct":100},"branches":{"total":30,"covered":30,"skipped":0,"pct":100}}
}
