TN:
SF:src\gematry.ts
FN:1,toNumber
FN:23,toLetters
FN:136,keyByValue
FNF:3
FNH:3
FNDA:22,toNumber
FNDA:24,toLetters
FNDA:50,keyByValue
DA:1,2
DA:6,22
DA:8,22
DA:9,22
DA:10,22
DA:13,22
DA:14,29
DA:15,28
DA:16,28
DA:17,1
DA:18,1
DA:21,21
DA:23,2
DA:28,24
DA:30,24
DA:31,24
DA:32,24
DA:33,5
DA:34,4
DA:35,4
DA:36,4
DA:37,4
DA:38,2
DA:40,4
DA:44,24
DA:45,24
DA:46,24
DA:47,24
DA:48,7
DA:49,7
DA:51,24
DA:52,24
DA:53,6
DA:55,24
DA:56,1
DA:57,23
DA:58,1
DA:60,22
DA:61,22
DA:64,24
DA:69,3
DA:72,24
DA:74,2
DA:104,2
DA:117,2
DA:129,2
DA:140,50
DA:141,50
DA:142,50
DA:143,762
DA:144,50
DA:146,50
DA:149,50
LF:53
LH:53
BRDA:3,0,0,16
BRDA:10,1,0,5
BRDA:10,1,1,17
BRDA:14,2,0,28
BRDA:14,2,1,1
BRDA:14,3,0,29
BRDA:14,3,1,28
BRDA:17,4,0,1
BRDA:25,5,0,17
BRDA:32,6,0,5
BRDA:37,7,0,2
BRDA:37,8,0,4
BRDA:37,8,1,2
BRDA:52,9,0,6
BRDA:55,10,0,1
BRDA:55,10,1,23
BRDA:55,11,0,24
BRDA:55,11,1,22
BRDA:57,12,0,1
BRDA:57,12,1,22
BRDA:57,13,0,23
BRDA:57,13,1,21
BRDA:64,14,0,3
BRDA:65,15,0,24
BRDA:65,15,1,3
BRDA:65,15,2,1
BRDA:65,15,3,2
BRDA:65,15,4,2
BRDA:138,16,0,50
BRDA:143,17,0,50
BRF:30
BRH:30
end_of_record
