TN:
SF:src\gematry.ts
FN:1,toNumber
FN:23,toLetters
FN:128,keyByValue
FNF:3
FNH:3
FNDA:22,toNumber
FNDA:20,toLetters
FNDA:46,keyByValue
DA:1,2
DA:6,22
DA:8,22
DA:9,22
DA:10,22
DA:13,22
DA:14,29
DA:15,28
DA:16,28
DA:17,1
DA:18,1
DA:21,21
DA:23,2
DA:28,20
DA:30,20
DA:31,20
DA:32,20
DA:33,5
DA:34,4
DA:35,4
DA:36,4
DA:37,4
DA:38,2
DA:40,4
DA:44,20
DA:45,20
DA:46,20
DA:47,20
DA:48,7
DA:49,7
DA:51,20
DA:52,20
DA:53,6
DA:55,20
DA:56,20
DA:58,20
DA:63,3
DA:66,20
DA:68,2
DA:98,2
DA:111,2
DA:122,2
DA:132,46
DA:133,46
DA:134,46
DA:135,731
DA:136,46
DA:138,46
DA:141,46
LF:49
LH:49
BRDA:3,0,0,16
BRDA:10,1,0,5
BRDA:10,1,1,17
BRDA:14,2,0,28
BRDA:14,2,1,1
BRDA:14,3,0,29
BRDA:14,3,1,28
BRDA:17,4,0,1
BRDA:25,5,0,15
BRDA:32,6,0,5
BRDA:37,7,0,2
BRDA:37,8,0,4
BRDA:37,8,1,2
BRDA:52,9,0,6
BRDA:58,10,0,3
BRDA:59,11,0,20
BRDA:59,11,1,3
BRDA:59,11,2,1
BRDA:59,11,3,2
BRDA:59,11,4,2
BRDA:130,12,0,46
BRDA:135,13,0,46
BRF:22
BRH:22
end_of_record
